2024-09-08 16:39:43,963 - INFO - Starting FastAPI Basic Example
2024-09-08 16:39:44,362 - INFO - Starting FastAPI Basic Example
2024-09-08 16:39:56,678 - INFO - Processed "/" to get hello world: {"Hello": "Wounderworld!"}
2024-09-08 16:40:38,634 - INFO - Processed "/items" to get item_id: 27 and q: Leonardo
2024-09-08 16:40:58,586 - INFO - 1 change detected
2024-09-08 16:40:59,169 - INFO - 5 changes detected
2024-09-08 16:40:59,180 - INFO - Starting FastAPI Basic Example
2024-09-08 16:41:21,069 - INFO - 1 change detected
2024-09-08 16:41:21,626 - INFO - 5 changes detected
2024-09-08 16:41:26,427 - INFO - 1 change detected
2024-09-08 16:41:26,795 - INFO - 5 changes detected
2024-09-08 16:42:02,759 - INFO - 1 change detected
2024-09-08 16:42:03,128 - INFO - 5 changes detected
2024-09-08 16:42:37,264 - INFO - 1 change detected
2024-09-08 16:42:37,638 - INFO - 5 changes detected
2024-09-08 16:42:37,638 - INFO - Starting FastAPI Basic Example at 2024-09-08 16:42:37.638627
2024-09-08 16:43:00,298 - INFO - Processed "/" to get hello world: {"Hello": "Wounderworld!"}
2024-09-08 16:43:07,903 - INFO - Processed "/items" to get item_id: 27 and q: Leonardo
2024-09-08 16:43:30,358 - INFO - 1 change detected
2024-09-08 16:43:30,978 - INFO - 5 changes detected
2024-09-08 16:43:30,988 - INFO - Starting FastAPI Basic Example at 2024-09-08 16:43:30.988663
2024-09-08 16:43:35,311 - INFO - 1 change detected
2024-09-08 16:43:35,933 - INFO - 5 changes detected
2024-09-08 16:43:35,961 - INFO - Starting FastAPI Basic Example at 2024-09-08 16:43:35.959618
